2016-01-06 17:50:49 - 
2016-01-06 17:51:13 - 
2016-01-06 17:52:10 - 
2016-01-06 17:57:05 - 
2016-01-06 18:06:20 - 
2016-01-06 18:07:19 - 
2016-01-06 18:09:40 - 
2016-01-06 18:13:21 - 
2016-01-06 18:15:00 - 
2016-01-06 18:18:17 - 1=54,
2016-01-06 18:18:17 - 54,
2016-01-06 18:20:06 - 1=54,
2016-01-06 18:20:06 - 2=54,
2016-01-06 18:20:06 - 3=54,
2016-01-06 18:21:32 - 1=54,
2016-01-06 18:21:32 - 2=54,
2016-01-06 18:21:32 - 3=54,Array
2016-01-06 18:23:27 - 1=54,
2016-01-06 18:23:27 - 2=54,
2016-01-06 18:23:27 - 3=54,Array
2016-01-06 18:25:23 - 1=54,
2016-01-06 18:25:23 - 2=54,
2016-01-06 18:25:23 - 3=54,2
2016-01-06 18:27:18 - 1=54,
2016-01-06 18:27:18 - 2=54,
2016-01-06 18:27:18 - 3=54,2
