2015-10-20 14:44:28 - 12(data) order_info[customer_group_id] = 
2015-10-20 14:48:28 - 17(data) order_info[customer_group_id] = 
2015-10-20 15:05:12 - 17(data) order_info[customer_group_id] = 
2015-10-20 15:07:01 - 16(data) order_info[customer_group_id] = 
2015-10-20 15:07:33 - 20(data) order_info[customer_group_id] = 2
2015-10-20 15:08:27 - 13(data) order_info[customer_group_id] = 1
2015-10-20 15:45:27 - 16(data) order_info[customer_group_id] = 
2015-10-20 15:54:32 - 17(data) order_info[customer_group_id] = 
2015-10-20 15:57:25 - 17(data)  = 15
2015-10-20 16:00:29 - 16(data)  = 15
2015-10-20 16:00:29 - 16(history_order_status_id)  = 19
2015-10-20 16:04:51 - 16(data)  = 15
2015-10-20 16:10:24 - (Mail) order_info[order_status_id] = 15
2015-10-20 16:10:24 - (Mail) order_status_id = 
2015-10-20 16:10:51 - (Mail) order_info[order_status_id] = 15
2015-10-20 16:10:51 - (Mail) order_status_id = 
2015-10-20 16:15:37 - 12(Mail) order_info[order_status_id] = 15
2015-10-20 16:15:37 - 12(Mail) order_status_id = 15
2015-10-20 16:16:02 - 12(Mail) order_info[order_status_id] = 15
2015-10-20 16:16:02 - 12(Mail) order_status_id = 19
2015-10-20 16:26:48 - 16(Mail) order_info[order_status_id] = 15
2015-10-20 16:26:48 - 16(Mail) order_status_id = 15
2015-10-20 16:26:57 - 16(Mail) order_info[order_status_id] = 15
2015-10-20 16:26:57 - 16(Mail) order_status_id = 19
2015-10-22 16:02:42 - (form) = 
2015-10-22 16:02:48 - (form) = 
2015-10-22 16:04:23 - (form) = 
2015-10-22 16:04:25 - (form) = 
2015-10-22 16:05:27 - (form) = Squidy_400x60-.jpg.b7af94c616c441ede1e56219424aa186
2015-10-22 16:07:37 - (form) = Squidy_400x60-.jpg.b7af94c616c441ede1e56219424aa186
2015-10-22 16:09:33 - Squidy_400x60-.jpg(form) = Squidy_400x60-.jpg.3d141c3ba5396d08a0edd41cfb82d1a6
2015-10-22 16:19:19 - Array(form) = Squidy_400x60-.jpg.a65dc5eeb76c43c7695a5007ca22450d
2015-10-22 16:20:56 - Array(form) = Squidy_400x60-.jpg.9616ab12483cfc6ec180a6f6b9f7bb7c
