2015-10-22 17:01:40 - (acc) ani = 25026613
2015-10-22 17:01:40 - (acc) agent_id = opr0001
2015-10-22 17:04:35 - (acc) ani = 25026613
2015-10-22 17:04:35 - (acc) agent_id = opr0001
2015-10-22 17:04:35 - (acc) customer_id = 0
2015-10-22 17:05:32 - (acc) ani = 25026613
2015-10-22 17:05:32 - (acc) agent_id = opr0001
2015-10-22 17:05:32 - (acc) customer_info = Array
2015-10-22 17:05:32 - (acc) customer_id = 0
2015-10-22 17:06:16 - (acc) ani = 25026613
2015-10-22 17:06:16 - (acc) agent_id = opr0001
2015-10-22 17:06:16 - (acc) customer_info = 1
2015-10-22 17:06:16 - (acc) customer_id = 0
2015-10-22 17:07:15 - (acc) ani = 897998988
2015-10-22 17:07:15 - (acc) agent_id = opr0001
2015-10-22 17:07:15 - (acc) customer_info = 1
2015-10-22 17:07:15 - (acc) customer_id = 0
2015-10-22 17:21:50 - (acc) ani = 897998988
2015-10-22 17:21:50 - (acc) agent_id = opr0001
2015-10-22 17:23:37 - (acc) ani = 897998988
2015-10-22 17:23:37 - (acc) agent_id = opr0001
2015-10-22 17:24:00 - (acc) ani = 897998988
2015-10-22 17:24:00 - (acc) agent_id = opr0001
2015-10-22 17:24:47 - (acc) ani = 897998988
2015-10-22 17:24:47 - (acc) agent_id = opr0001
2015-10-22 17:24:47 - (acc) customer_info = 1
2015-10-22 17:24:47 - (acc) customer_id = 0
2015-10-22 17:27:07 - (acc) ani = 897998988
2015-10-22 17:27:07 - (acc) agent_id = opr0001
2015-10-22 17:27:07 - (acc) customer_info = 
2015-10-22 17:27:07 - (acc) customer_info = 1
2015-10-22 17:27:07 - (acc) customer_id = 0
2015-10-22 17:29:17 - (acc) ani = 897998988
2015-10-22 17:29:17 - (acc) agent_id = opr0001
2015-10-22 17:29:17 - (acc) customer_info = 1
2015-10-22 17:29:17 - (acc) customer_id = 0
2015-10-22 17:30:17 - (acc) ani = 897998988
2015-10-22 17:30:17 - (acc) agent_id = opr0001
2015-10-22 17:30:17 - (acc) customer_info = 1
2015-10-22 17:30:17 - (acc) customer_id = 0
2015-10-22 17:30:17 - (acc) isLogged = false
2015-10-22 17:31:51 - (acc) ani = 897998988
2015-10-22 17:31:51 - (acc) agent_id = opr0001
2015-10-22 17:31:51 - (acc) customer_info = 1
2015-10-22 17:31:51 - (acc) customer_id = 6
2015-10-22 17:31:51 - (acc) isLogged = false
2015-10-22 17:32:09 - (acc) ani = 897998988
2015-10-22 17:32:09 - (acc) agent_id = opr0001
2015-10-22 17:32:09 - (acc) customer_id = 
2015-10-22 17:32:09 - (acc) isLogged = false
2015-10-22 17:32:44 - (acc) ani = 897998988
2015-10-22 17:32:44 - (acc) agent_id = opr0001
2015-10-22 17:32:44 - (acc) customer_id = 
2015-10-22 17:32:44 - (acc) isLogged = false
2015-10-22 17:35:17 - (acc) ani = 897998988
2015-10-22 17:35:17 - (acc) agent_id = opr0001
2015-10-22 17:35:17 - (acc) customer_id = 
2015-10-22 17:35:17 - (acc) isLogged = false
2015-10-22 17:37:28 - (acc) ani = 897998988
2015-10-22 17:37:28 - (acc) agent_id = opr0001
2015-10-22 17:37:28 - (acc) customer_id = 
2015-10-22 17:37:28 - (acc) email = 897998988@ishop.com
2015-10-22 17:37:28 - (acc) password = 
2015-10-22 17:37:28 - (acc) isLogged = false
2015-10-22 17:38:56 - (acc) ani = 897998988
2015-10-22 17:38:56 - (acc) agent_id = opr0001
2015-10-22 17:38:56 - (acc) customer_id = 
2015-10-22 17:38:56 - (acc) email = 897998988@ishop.com
2015-10-22 17:38:56 - (acc) password = 897998988
2015-10-22 17:38:56 - (acc) isLogged = false
2015-10-22 17:39:46 - (acc) ani = 897998988
2015-10-22 17:39:46 - (acc) agent_id = opr0001
2015-10-22 17:39:46 - (acc) email bef= 
2015-10-22 17:39:46 - (acc) customer_id = 
2015-10-22 17:39:46 - (acc) email aft= 
2015-10-22 17:39:46 - (acc) email = 897998988@ishop.com
2015-10-22 17:39:46 - (acc) password = 897998988
2015-10-22 17:39:46 - (acc) isLogged = false
2015-10-22 17:40:34 - (acc) ani = 897998988
2015-10-22 17:40:34 - (acc) agent_id = opr0001
2015-10-22 17:40:34 - (acc) email bef= 
2015-10-22 17:40:34 - (acc) customer_id = 
2015-10-22 17:40:34 - (acc) email aft= 897998988@ishop.com
2015-10-22 17:40:34 - (acc) email = 897998988@ishop.com
2015-10-22 17:40:34 - (acc) password = 897998988
2015-10-22 17:40:34 - (acc) isLogged = false
2015-10-26 12:31:52 - (acc) ani = 897998988
2015-10-26 12:31:52 - (acc) agent_id = opr0001
2015-10-26 12:31:52 - (acc) email bef= 
2015-10-26 12:31:52 - (acc) customer_id = 
2015-10-26 12:31:52 - (acc) email aft= 897998988@ishop.com
2015-10-26 12:31:52 - (acc) email = 897998988@ishop.com
2015-10-26 12:31:52 - (acc) password = 897998988
2015-10-26 12:31:52 - (acc) isLogged = false
2015-10-26 12:36:07 - (acc) ani = 897998988
2015-10-26 12:36:07 - (acc) agent_id = opr0001
2015-10-26 12:36:07 - (acc) email bef= 897998988@ishop.com
2015-10-26 12:36:07 - (acc) customer_id = 6
2015-10-26 12:36:07 - (acc) email aft= 897998988@ishop.com
2015-10-26 12:36:07 - (acc) email = 897998988@ishop.com
2015-10-26 12:36:07 - (acc) password = 897998988
2015-10-26 12:36:07 - (acc) isLogged = false
2015-10-26 12:51:55 - (acc) ani = 897998988
2015-10-26 12:51:55 - (acc) agent_id = opr0001
2015-10-26 12:51:55 - (acc) email bef= 897998988@ishop.com
2015-10-26 12:51:55 - (acc) customer_id = 6
2015-10-26 12:51:55 - (acc) email aft= 897998988@ishop.com
2015-10-26 12:51:55 - (acc) email = 897998988@ishop.com
2015-10-26 12:51:55 - (acc) password = 897998988
2015-10-26 12:52:52 - (acc) ani = 897998988
2015-10-26 12:52:52 - (acc) agent_id = opr0001
2015-10-26 12:52:52 - (acc) email bef= 897998988@ishop.com
2015-10-26 12:52:52 - (acc) customer_id = 6
2015-10-26 12:52:52 - (acc) email aft= 897998988@ishop.com
2015-10-26 12:52:52 - (acc) email = 897998988@ishop.com
2015-10-26 12:52:52 - (acc) password = 897998988
2015-10-26 12:52:52 - (acc) isLogged = false
2015-10-26 12:53:12 - (acc) ani = 897998988
2015-10-26 12:53:12 - (acc) agent_id = opr0001
2015-10-26 12:53:12 - (acc) email bef= 897998988@ishop.com
2015-10-26 12:53:12 - (acc) customer_id = 6
2015-10-26 12:53:12 - (acc) email aft= 897998988@ishop.com
2015-10-26 12:53:12 - (acc) email = 897998988@ishop.com
2015-10-26 12:53:12 - (acc) password = 897998988
2015-10-26 12:53:12 - (acc) isLogged = false
2015-10-26 12:53:44 - (acc) ani = 897998988
2015-10-26 12:53:44 - (acc) agent_id = opr0001
2015-10-26 12:53:44 - (acc) email bef= 897998988@ishop.com
2015-10-26 12:53:44 - (acc) customer_id = 6
2015-10-26 12:53:44 - (acc) email aft= 897998988@ishop.com
2015-10-26 12:53:44 - (acc) email = 897998988@ishop.com
2015-10-26 12:53:44 - (acc) password = 897998988
2015-10-26 12:53:44 - (acc) isLogged = false
2015-10-26 12:54:26 - (acc) ani = 897998988
2015-10-26 12:54:26 - (acc) agent_id = opr0001
2015-10-26 12:54:26 - (acc) email bef= 897998988@ishop.com
2015-10-26 12:54:26 - (acc) customer_id = 6
2015-10-26 12:54:26 - (acc) email aft= 897998988@ishop.com
2015-10-26 12:54:26 - (acc) email = 897998988@ishop.com
2015-10-26 12:54:26 - (acc) password = 897998988
2015-10-26 12:55:28 - (acc) ani = 897998988
2015-10-26 12:55:28 - (acc) agent_id = opr0001
2015-10-26 12:55:28 - (acc) email bef= 897998988@ishop.com
2015-10-26 12:55:28 - (acc) customer_id = 6
2015-10-26 12:55:28 - (acc) email aft= 897998988@ishop.com
2015-10-26 12:55:28 - (acc) email = 897998988@ishop.com
2015-10-26 12:55:28 - (acc) password = 897998988
2015-10-26 12:56:40 - (acc) ani = 897998988
2015-10-26 12:56:40 - (acc) agent_id = opr0001
2015-10-26 12:56:40 - (acc) email bef= 897998988@ishop.com
2015-10-26 12:56:40 - (acc) customer_id = 6
2015-10-26 12:56:40 - (acc) email aft= 897998988@ishop.com
2015-10-26 12:56:40 - (acc) link to  = account/login&agent_id=opr0001&email=897998988@ishop.com&password=897998988
2015-10-26 13:07:07 - (acc) ani = 897998988
2015-10-26 13:07:07 - (acc) agent_id = opr0001
2015-10-26 13:07:07 - (acc) email bef= 897998988@ishop.com
2015-10-26 13:07:07 - (acc) customer_id = 6
2015-10-26 13:07:07 - (acc) email aft= 897998988@ishop.com
2015-10-26 13:07:07 - (acc) link to  = account/login&agent_id=opr0001&email=897998988@ishop.com&password=897998988
2015-10-26 13:12:19 - (acc) ani = 897998988
2015-10-26 13:12:19 - (acc) agent_id = opr0001
2015-10-26 13:12:19 - (acc) email bef= 897998988@ishop.com
2015-10-26 13:12:19 - (acc) customer_id = 6
2015-10-26 13:12:19 - (acc) email aft= 897998988@ishop.com
2015-10-26 13:12:19 - (acc) link to  = account/login&agent_id=opr0001&email=897998988@ishop.com&password=897998988
2015-10-26 13:18:16 - (acc) customer_id = 6
2015-10-26 13:18:16 - (acc) link to  = account/login&agent_id=opr0001&email=897998988@ishop.com&password=897998988
2015-10-26 13:18:23 - (acc) customer_id = 6
2015-10-26 13:18:23 - (acc) link to  = account/login&agent_id=opr0001&email=897998988@ishop.com&password=897998988
2015-10-26 13:22:01 - (acc) customer_id = 6
2015-10-26 13:22:01 - (acc) link to  = account/login&agent_id=opr0001&email=897998988@ishop.com&password=897998988
2015-10-26 13:23:31 - (acc) customer_id = 7
2015-10-26 13:23:31 - (acc) link to  = account/login&agent_id=opr0002&email=897998987@ishop.com&password=897998987
2015-10-26 14:08:26 - (acc) vorder = Array
2015-10-26 14:09:39 - (acc) emp=N,  vorder = Array
2015-10-26 14:10:13 - (acc) set=Y,  vorder = Array
2015-10-26 14:14:29 - (acc) vorder = 7
2015-10-26 14:14:29 - (acc) set > 0,  vorder = 7
2015-10-26 14:15:34 - (acc) vorder =  - 7
2015-10-26 14:15:34 - (acc) set > 0,  vorder = 7
2015-10-26 14:16:23 - (acc) vorder = 6 - 0
2015-10-26 14:16:23 - (acc) set = 0,  vorder = 0
2015-10-26 14:24:48 - (acc) vorder = 6 - 0
2015-10-26 14:24:48 - (acc) set = 0,  vorder = 0
2015-10-26 14:25:29 - (acc) vorder = 6 - 0
2015-10-26 14:25:50 - (acc) vorder = 6 - 0
2015-10-26 14:25:50 - (acc) set = 0,  vorder = 0
2015-10-26 14:26:03 - (acc) vorder = 6 - 0
2015-10-26 14:26:03 - (acc) set = 0,  vorder = 0
2015-10-26 14:26:29 - (acc) vorder = 6 - 0
2015-10-26 14:26:29 - (acc) set = 0,  vorder = 0
2015-10-26 14:57:17 - (acc) vorder = 6 - 0
2015-10-26 14:57:17 - (acc) set = 0,  vorder = 0
2015-10-26 14:57:38 - (acc) vorder = 6 - 0
2015-10-26 14:57:38 - (acc) set = 0,  vorder = 0
2015-10-26 14:58:43 - (acc) vorder = 6 - 0
2015-10-26 14:58:43 - (acc) set = 0,  vorder = 0
2015-10-26 14:59:00 - (acc) vorder = 7 - 0
2015-10-26 14:59:00 - (acc) set = 0,  vorder = 0
