2015-10-20 11:48:24 -  : Print_values : 15
2015-10-20 12:00:53 - 2015-10-20 12:00:53 :  (Mail-cust) order_info[order_status_id] & $order_status_id & $notify=0 & 15 & 
2015-10-20 12:00:53 - 2015-10-20 12:00:53 : 1
2015-10-20 12:09:47 - (Mail) order_info[order_status_id] = 0
2015-10-20 12:09:47 - (Mail) order_status_id = 15
2015-10-20 12:09:47 - (Mail) notify = 
2015-10-20 12:09:47 - (Mail) config_order_mail = 1
2015-10-20 12:18:52 - (Mail) order_info[order_status_id] = 0
2015-10-20 12:18:52 - (Mail) order_status_id = 15
2015-10-20 12:18:52 - (Mail) notify = 
2015-10-20 12:18:52 - (Mail) config_order_mail = 1
2015-10-20 12:24:04 - (Mail) order_info[order_status_id] = 19
2015-10-20 12:24:04 - (Mail) order_status_id = 20
2015-10-20 12:24:04 - (Mail) notify = 
2015-10-20 12:24:04 - (Mail) config_order_mail = 1
2015-10-20 12:24:11 - (Mail) order_info[order_status_id] = 20
2015-10-20 12:24:11 - (Mail) order_status_id = 3
2015-10-20 12:24:11 - (Mail) notify = 1
2015-10-20 12:24:11 - (Mail) config_order_mail = 1
2015-10-20 12:24:12 - (Mail) order_info[order_status_id] = 3
2015-10-20 12:24:12 - (Mail) order_status_id = 20
2015-10-20 12:24:12 - (Mail) notify = 
2015-10-20 12:24:12 - (Mail) config_order_mail = 1
2015-10-20 12:28:16 - (Mail) order_info[order_status_id] = 20
2015-10-20 12:28:16 - (Mail) order_status_id = 3
2015-10-20 12:28:16 - (Mail) notify = 1
2015-10-20 12:28:16 - (Mail) config_order_mail = 1
2015-10-20 12:28:17 - (Mail) order_info[order_status_id] = 3
2015-10-20 12:28:17 - (Mail) order_status_id = 20
2015-10-20 12:28:17 - (Mail) notify = 
2015-10-20 12:28:17 - (Mail) config_order_mail = 1
2015-10-20 12:35:41 - (Mail) order_info[order_status_id] = 20
2015-10-20 12:35:41 - (Mail) order_status_id = 20
2015-10-20 12:35:41 - (Mail) notify = 1
2015-10-20 12:35:41 - (Mail) config_order_mail = 1
2015-10-20 12:36:20 - (Mail) order_info[order_status_id] = 20
2015-10-20 12:36:20 - (Mail) order_status_id = 0
2015-10-20 12:36:20 - (Mail) notify = 1
2015-10-20 12:36:20 - (Mail) config_order_mail = 1
2015-10-20 12:36:20 - (Mail) order_info[order_status_id] = 0
2015-10-20 12:36:20 - (Mail) order_status_id = 15
2015-10-20 12:36:20 - (Mail) notify = 1
2015-10-20 12:36:20 - (Mail) config_order_mail = 1
2015-10-20 12:36:37 - (Mail) in array aff  = true = 15
2015-10-20 12:38:33 - (Mail) order_info[order_status_id] = 15
2015-10-20 12:38:33 - (Mail) order_status_id = 20
2015-10-20 12:38:33 - (Mail) notify = 1
2015-10-20 12:38:33 - (Mail) config_order_mail = 1
2015-10-20 12:38:38 - (Mail) order_info[order_status_id] = 20
2015-10-20 12:38:38 - (Mail) order_status_id = 20
2015-10-20 12:38:38 - (Mail) notify = 1
2015-10-20 12:38:38 - (Mail) config_order_mail = 1
2015-10-20 12:43:00 - (Mail) order_info[order_status_id] = 20
2015-10-20 12:43:00 - (Mail) order_status_id = 0
2015-10-20 12:43:00 - (Mail) notify = 1
2015-10-20 12:43:00 - (Mail) config_order_mail = 1
2015-10-20 12:43:00 - (Mail) order_info[order_status_id] = 0
2015-10-20 12:43:00 - (Mail) order_status_id = 15
2015-10-20 12:43:00 - (Mail) notify = 1
2015-10-20 12:43:00 - (Mail) config_order_mail = 1
2015-10-20 12:43:18 - (Mail) in array aff  = true = 15
2015-10-20 12:47:32 - (Mail) order_info[order_status_id] = 15
2015-10-20 12:47:32 - (Mail) order_status_id = 0
2015-10-20 12:47:32 - (Mail) notify = 1
2015-10-20 12:47:32 - (Mail) config_order_mail = 1
2015-10-20 12:47:32 - (Mail) order_info[order_status_id] = 0
2015-10-20 12:47:32 - (Mail) order_status_id = 15
2015-10-20 12:47:32 - (Mail) notify = 1
2015-10-20 12:47:32 - (Mail) config_order_mail = 1
2015-10-20 12:47:49 - (Mail) in array aff  = true = 15
2015-10-20 12:47:57 - (Mail) in array cust  = true = 15
2015-10-20 12:49:11 - (Mail) order_info[order_status_id] = 19
2015-10-20 12:49:11 - (Mail) order_status_id = 20
2015-10-20 12:49:11 - (Mail) notify = 1
2015-10-20 12:49:11 - (Mail) config_order_mail = 1
2015-10-20 12:51:34 - (Mail) order_info[order_status_id] = 20
2015-10-20 12:51:34 - (Mail) order_status_id = 20
2015-10-20 12:51:34 - (Mail) notify = 1
2015-10-20 12:51:34 - (Mail) config_order_mail = 1
2015-10-20 12:53:23 - (Mail) order_info[order_status_id] = 19
2015-10-20 12:53:23 - (Mail) order_status_id = 20
2015-10-20 12:53:23 - (Mail) notify = 1
2015-10-20 12:53:23 - (Mail) config_order_mail = 1
2015-10-20 12:53:23 - (Mail) in array cust  = true = 1
2015-10-20 12:56:08 - (Mail) order_info[order_status_id] = 20
2015-10-20 12:56:08 - (Mail) order_status_id = 20
2015-10-20 12:56:08 - (Mail) notify = 1
2015-10-20 12:56:08 - (Mail) config_order_mail = 1
2015-10-20 12:56:45 - (Mail) order_info[order_status_id] = 20
2015-10-20 12:56:45 - (Mail) order_status_id = 3
2015-10-20 12:56:45 - (Mail) notify = 1
2015-10-20 12:56:45 - (Mail) config_order_mail = 1
2015-10-20 12:57:53 - (Mail) order_info[order_status_id] = 20
2015-10-20 12:57:53 - (Mail) order_status_id = 3
2015-10-20 12:57:53 - (Mail) notify = 1
2015-10-20 12:57:53 - (Mail) config_order_mail = 1
2015-10-20 12:57:53 - (Mail) in array cust  = bef = 3
2015-10-20 12:59:53 - (Mail) order_info[order_status_id] = 20
2015-10-20 12:59:53 - (Mail) order_status_id = 3
2015-10-20 12:59:53 - (Mail) notify = 1
2015-10-20 12:59:53 - (Mail) config_order_mail = 1
2015-10-20 12:59:53 - (Mail) in array cust  = bef = 3
2015-10-20 13:01:32 - (Mail) order_info[order_status_id] = 19
2015-10-20 13:01:32 - (Mail) order_status_id = 20
2015-10-20 13:01:32 - (Mail) notify = 1
2015-10-20 13:01:32 - (Mail) config_order_mail = 1
2015-10-20 13:01:32 - (Mail) in array cust  = bef = 20
2015-10-20 13:01:32 - (Mail) in array cust  = true = 20
2015-10-20 13:01:45 - (Mail) order_info[order_status_id] = 20
2015-10-20 13:01:45 - (Mail) order_status_id = 3
2015-10-20 13:01:45 - (Mail) notify = 1
2015-10-20 13:01:45 - (Mail) config_order_mail = 1
2015-10-20 13:01:45 - (Mail) in array cust  = bef = 3
2015-10-20 13:01:45 - (Mail) in array cust  = true = 3
2015-10-20 13:01:53 - (Mail) order_info[order_status_id] = 3
2015-10-20 13:01:53 - (Mail) order_status_id = 20
2015-10-20 13:01:53 - (Mail) notify = 1
2015-10-20 13:01:53 - (Mail) config_order_mail = 1
2015-10-20 13:01:53 - (Mail) in array cust  = bef = 20
2015-10-20 13:01:53 - (Mail) in array cust  = true = 20
2015-10-20 13:07:16 - (Mail) order_info[order_status_id] = 15
2015-10-20 13:07:16 - (Mail) order_status_id = 20
2015-10-20 13:07:16 - (Mail) notify = 1
2015-10-20 13:07:16 - (Mail) config_order_mail = 1
2015-10-20 13:07:16 - (Mail) in array cust  = bef : 20
2015-10-20 13:07:16 - (Mail) in array cust  = true = 20
2015-10-20 13:07:32 - (Mail) order_info[order_status_id] = 20
2015-10-20 13:07:32 - (Mail) order_status_id = 20
2015-10-20 13:07:32 - (Mail) notify = 1
2015-10-20 13:07:32 - (Mail) config_order_mail = 1
2015-10-20 13:07:32 - (Mail) in array cust  = bef : 20
2015-10-20 13:07:32 - (Mail) in array cust  = true = 20
2015-10-20 13:13:14 - 13(Mail) order_info[order_status_id] = 19
2015-10-20 13:13:14 - 13(Mail) order_status_id = 20
2015-10-20 13:13:14 - 13(Mail) in array cust  = bef : 20
2015-10-20 13:13:14 - 13(Mail) in array cust  = true = 20
2015-10-20 13:13:27 - 13(Mail) order_info[order_status_id] = 20
2015-10-20 13:13:27 - 13(Mail) order_status_id = 3
2015-10-20 13:13:27 - 13(Mail) in array cust  = bef : 3
2015-10-20 13:13:27 - 13(Mail) in array cust  = true = 3
2015-10-20 13:13:35 - 13(Mail) order_info[order_status_id] = 3
2015-10-20 13:13:35 - 13(Mail) order_status_id = 20
2015-10-20 13:13:35 - 13(Mail) in array cust  = bef : 20
2015-10-20 13:13:35 - 13(Mail) in array cust  = true = 20
2015-10-20 13:16:41 - 13(Mail) order_info[order_status_id] = 20
2015-10-20 13:16:41 - 13(Mail) order_status_id = 3
2015-10-20 13:16:41 - 13(Mail) if admin = bef : 20, 3
2015-10-20 13:16:41 - 13(Mail) in array cust  = bef : 3
2015-10-20 13:16:41 - 13(Mail) in array cust  = true = 3
2015-10-20 13:16:50 - 13(Mail) order_info[order_status_id] = 3
2015-10-20 13:16:50 - 13(Mail) order_status_id = 20
2015-10-20 13:16:50 - 13(Mail) if admin = bef : 3, 20
2015-10-20 13:16:50 - 13(Mail) in array cust  = bef : 20
2015-10-20 13:16:50 - 13(Mail) in array cust  = true = 20
2015-10-20 13:18:06 - 20(Mail) order_info[order_status_id] = 15
2015-10-20 13:18:06 - 20(Mail) order_status_id = 0
2015-10-20 13:18:06 - 20(Mail) if admin = bef : 15, 0
2015-10-20 13:18:06 - 20(Mail) order_info[order_status_id] = 0
2015-10-20 13:18:06 - 20(Mail) order_status_id = 15
2015-10-20 13:18:06 - 20(Mail) if admin = bef : 0, 15
2015-10-20 13:18:06 - 20(Mail) if admin = true = 0, 15
2015-10-20 13:18:15 - 20(Mail) config_order_mail = bef : 1
2015-10-20 13:18:23 - 20(Mail) in array aff  = bef : 15
2015-10-20 13:18:23 - 20(Mail) in array aff  = true = 15
2015-10-20 13:18:31 - 20(Mail) in array cust  = bef : 15
2015-10-20 13:18:31 - 20(Mail) in array cust  = true = 15
2015-10-20 13:20:14 - 20(Mail) order_info[order_status_id] = 19
2015-10-20 13:20:14 - 20(Mail) order_status_id = 20
2015-10-20 13:20:14 - 20(Mail) if admin = bef : 19, 20
2015-10-20 13:20:14 - 20(Mail) in array cust  = bef : 20
2015-10-20 13:20:14 - 20(Mail) in array cust  = true = 20
2015-10-20 13:20:28 - 20(Mail) order_info[order_status_id] = 20
2015-10-20 13:20:28 - 20(Mail) order_status_id = 3
2015-10-20 13:20:28 - 20(Mail) if admin = bef : 20, 3
2015-10-20 13:20:28 - 20(Mail) in array cust  = bef : 3
2015-10-20 13:20:28 - 20(Mail) in array cust  = true = 3
2015-10-20 13:20:37 - 20(Mail) order_info[order_status_id] = 3
2015-10-20 13:20:37 - 20(Mail) order_status_id = 20
2015-10-20 13:20:37 - 20(Mail) if admin = bef : 3, 20
2015-10-20 13:20:37 - 20(Mail) in array cust  = bef : 20
2015-10-20 13:20:37 - 20(Mail) in array cust  = true = 20
2015-10-20 13:24:06 - 13(Mail) order_info[order_status_id] = 20
2015-10-20 13:24:06 - 13(Mail) order_status_id = 20
2015-10-20 13:24:06 - 13(Mail) if admin = bef : 20, 20
2015-10-20 13:24:06 - 13(Mail) in array cust  = bef : 20
2015-10-20 13:24:06 - 13(Mail) in array cust  = true = 20
2015-10-20 13:55:10 - 20(Mail) order_info[order_status_id] = 20
2015-10-20 13:55:10 - 20(Mail) order_status_id = 20
2015-10-20 13:55:10 - 20(Mail) if admin = bef : 20, 20
2015-10-20 13:55:10 - 20(Mail) in array cust  = bef : 20
2015-10-20 13:55:10 - 20(Mail) in array cust  = true = 20
2015-10-20 13:56:16 - 20(Mail) order_info[order_status_id] = 20
2015-10-20 13:56:16 - 20(Mail) order_status_id = 20
2015-10-20 13:56:16 - 20(Mail) if admin = bef : 20, 20
2015-10-20 13:56:16 - 20(Mail) in array cust  = bef : 20
2015-10-20 13:56:16 - 20(Mail) in array cust  = true = 20
2015-10-20 14:33:28 - 16(Mail) order_info[order_status_id] = 15
2015-10-20 14:33:28 - 16(Mail) order_status_id = 0
2015-10-20 14:33:28 - 16(Mail) if admin = bef : 15, 0
2015-10-20 14:44:28 - 12(Mail) order_info[order_status_id] = 15
2015-10-20 14:44:28 - 12(Mail) order_status_id = 0
2015-10-20 14:44:28 - 12(Mail) if admin = bef : 15, 0
2015-10-20 14:48:28 - 17(Mail) order_info[order_status_id] = 15
2015-10-20 14:48:28 - 17(Mail) order_status_id = 0
2015-10-20 14:48:28 - 17(Mail) if admin = bef : 15, 0
2015-10-20 15:07:33 - 20(Mail) order_info[order_status_id] = 15
2015-10-20 15:07:33 - 20(Mail) order_status_id = 0
2015-10-20 15:07:33 - 20(Mail) if admin = bef : 15, 0
2015-10-20 15:08:27 - 13(Mail) order_info[order_status_id] = 15
2015-10-20 15:08:27 - 13(Mail) order_status_id = 0
2015-10-20 15:08:27 - 13(Mail) if admin = bef : 15, 0
2015-10-20 16:10:24 - 17(Mail) order_info[order_status_id] = 15
2015-10-20 16:10:24 - 17(Mail) order_status_id = 0
2015-10-20 16:10:24 - 17(Mail) if admin = bef : 15, 0
2015-10-20 16:10:24 - 17(Mail) order_info[order_status_id] = 0
2015-10-20 16:10:24 - 17(Mail) order_status_id = 19
2015-10-20 16:10:24 - 17(Mail) if admin = bef : 0, 19
2015-10-20 16:10:24 - 17(Mail) if admin = true = 0, 19
2015-10-20 16:10:34 - 17(Mail) config_order_mail = bef : 1
2015-10-20 16:10:42 - 17(Mail) in array aff  = bef : 19
2015-10-20 16:10:42 - 17(Mail) in array cust  = bef : 19
2015-10-20 16:10:42 - 17(Mail) in array cust  = true = 19
2015-10-20 16:15:37 - 12(Mail) order_info[order_status_id] = 15
2015-10-20 16:15:37 - 12(Mail) order_status_id = 0
2015-10-20 16:15:37 - 12(Mail) if admin = bef : 15, 0
2015-10-20 16:15:37 - 12(Mail) order_info[order_status_id] = 0
2015-10-20 16:15:37 - 12(Mail) order_status_id = 19
2015-10-20 16:15:37 - 12(Mail) if admin = bef : 0, 19
2015-10-20 16:15:37 - 12(Mail) if admin = true = 0, 19
2015-10-20 16:15:46 - 12(Mail) config_order_mail = bef : 1
2015-10-20 16:15:54 - 12(Mail) in array aff  = bef : 19
2015-10-20 16:15:54 - 12(Mail) in array cust  = bef : 19
2015-10-20 16:15:54 - 12(Mail) in array cust  = true = 19
2015-10-20 16:26:48 - 16(Mail) order_info[order_status_id] = 15
2015-10-20 16:26:48 - 16(Mail) order_status_id = 19
2015-10-20 16:26:48 - 16(Mail) if admin = bef : 15, 19
2015-10-20 16:26:48 - 16(Mail) in array cust  = bef : 19
2015-10-20 16:26:48 - 16(Mail) in array cust  = true = 19
2015-10-20 17:14:51 - 20(Mail) order_info[order_status_id] = 15
2015-10-20 17:14:51 - 20(Mail) order_status_id = 0
2015-10-20 17:14:51 - 20(Mail) if admin = bef : 15, 0
2015-10-20 17:14:52 - 20(Mail) order_info[order_status_id] = 0
2015-10-20 17:14:52 - 20(Mail) order_status_id = 15
2015-10-20 17:14:52 - 20(Mail) if admin = bef : 0, 15
2015-10-20 17:14:52 - 20(Mail) if admin = true = 0, 15
2015-10-20 17:15:01 - 20(Mail) config_order_mail = bef : 1
2015-10-20 17:15:10 - 20(Mail) in array aff  = bef : 15
2015-10-20 17:15:10 - 20(Mail) in array aff  = true = 15
2015-10-20 17:15:18 - 20(Mail) in array cust  = bef : 15
2015-10-20 17:15:18 - 20(Mail) in array cust  = true = 15
2015-10-20 17:22:55 - 17(updateOrderStatus) order_info[order_status_id] = 19
2015-10-20 17:22:55 - 17(updateOrderStatus) order_status_id = 20
2015-10-20 17:22:55 - 17(updateOrderStatus) if admin = true = 19, 20
2015-10-20 17:23:03 - 17(updateOrderStatus) in array cust  = true = 20
2015-10-20 17:27:44 - 12(updateOrderStatus) order_info[order_status_id] = 19
2015-10-20 17:27:44 - 12(updateOrderStatus) order_status_id = 20
2015-10-20 17:27:44 - 12(updateOrderStatus) if admin = true = 19, 20
2015-10-20 17:27:52 - 12(updateOrderStatus) in array cust  = true = 20
2015-10-21 11:02:12 - 12(updateOrderStatus) order_info[order_status_id] = 20
2015-10-21 11:02:12 - 12(updateOrderStatus) order_status_id = 22
2015-10-21 11:02:12 - 12(updateOrderStatus) if admin = true = 20, 22
2015-10-21 11:18:57 - 12(updateOrderStatus) order_info[order_status_id] = 22
2015-10-21 11:18:57 - 12(updateOrderStatus) order_status_id = 25
2015-10-21 11:18:57 - 12(updateOrderStatus) if admin = true = 22, 25
2015-10-21 11:21:04 - 12(updateOrderStatus) order_info[order_status_id] = 25
2015-10-21 11:21:04 - 12(updateOrderStatus) order_status_id = 27
2015-10-21 11:21:04 - 12(updateOrderStatus) if admin = true = 25, 27
2015-10-21 11:21:08 - 12(updateOrderStatus) in array aff  = true = 27
2015-10-21 11:24:36 - 20(updateOrderStatus) order_info[order_status_id] = 15
2015-10-21 11:24:36 - 20(updateOrderStatus) order_status_id = 19
2015-10-21 11:24:36 - 20(updateOrderStatus) if admin = true = 15, 19
2015-10-21 11:24:40 - 20(updateOrderStatus) in array cust  = true = 19
2015-10-21 11:24:55 - 17(updateOrderStatus) order_info[order_status_id] = 20
2015-10-21 11:24:55 - 17(updateOrderStatus) order_status_id = 3
2015-10-21 11:24:55 - 17(updateOrderStatus) if admin = true = 20, 3
2015-10-21 11:24:58 - 17(updateOrderStatus) in array aff  = true = 3
2015-10-21 11:25:02 - 17(updateOrderStatus) in array cust  = true = 3
2015-10-21 11:25:05 - 20(updateOrderStatus) order_info[order_status_id] = 19
2015-10-21 11:25:05 - 20(updateOrderStatus) order_status_id = 19
2015-10-21 11:25:05 - 20(updateOrderStatus) if admin = true = 19, 19
2015-10-21 11:25:09 - 20(updateOrderStatus) in array cust  = true = 19
2015-10-21 11:29:01 - 20(updateOrderStatus) order_info[order_status_id] = 19
2015-10-21 11:29:01 - 20(updateOrderStatus) order_status_id = 20
2015-10-21 11:29:01 - 20(updateOrderStatus) if admin = true = 19, 20
2015-10-21 11:29:05 - 20(updateOrderStatus) in array cust  = true = 20
2015-10-21 11:29:14 - 20(updateOrderStatus) order_info[order_status_id] = 20
2015-10-21 11:29:14 - 20(updateOrderStatus) order_status_id = 27
2015-10-21 11:29:14 - 20(updateOrderStatus) if admin = true = 20, 27
2015-10-21 11:29:18 - 20(updateOrderStatus) in array aff  = true = 27
2015-10-21 11:29:22 - 20(updateOrderStatus) order_info[order_status_id] = 27
2015-10-21 11:29:22 - 20(updateOrderStatus) order_status_id = 20
2015-10-21 11:29:22 - 20(updateOrderStatus) if admin = true = 27, 20
2015-10-21 11:29:25 - 20(updateOrderStatus) in array cust  = true = 20
2015-10-21 11:33:28 - 20(updateOrderStatus) order_info[order_status_id] = 20
2015-10-21 11:33:28 - 20(updateOrderStatus) order_status_id = 25
2015-10-21 11:33:28 - 20(updateOrderStatus) if admin = true = 20, 25
2015-10-21 11:33:34 - 20(updateOrderStatus) order_info[order_status_id] = 25
2015-10-21 11:33:34 - 20(updateOrderStatus) order_status_id = 20
2015-10-21 11:33:34 - 20(updateOrderStatus) if admin = true = 25, 20
2015-10-21 11:33:37 - 20(updateOrderStatus) in array cust  = true = 20
2015-10-21 11:34:09 - 20(updateOrderStatus) order_info[order_status_id] = 20
2015-10-21 11:34:09 - 20(updateOrderStatus) order_status_id = 25
2015-10-21 11:34:09 - 20(updateOrderStatus) if admin = true = 20, 25
2015-10-21 11:34:14 - 20(updateOrderStatus) order_info[order_status_id] = 25
2015-10-21 11:34:14 - 20(updateOrderStatus) order_status_id = 20
2015-10-21 11:34:14 - 20(updateOrderStatus) if admin = true = 25, 20
2015-10-21 11:34:17 - 20(updateOrderStatus) in array cust  = true = 20
2015-10-21 11:34:26 - 20(updateOrderStatus) order_info[order_status_id] = 20
2015-10-21 11:34:26 - 20(updateOrderStatus) order_status_id = 22
2015-10-21 11:34:26 - 20(updateOrderStatus) if admin = true = 20, 22
2015-10-21 13:07:22 - 25(Mail) order_info[order_status_id] = 0
2015-10-21 13:07:22 - 25(Mail) order_status_id = 2
2015-10-21 13:07:26 - 25(Mail) if admin = bef : 0, 2
2015-10-21 13:07:26 - 25(Mail) if admin = true = 0, 2
2015-10-21 13:07:30 - 25(Mail) config_order_mail = bef : 1
2015-10-21 13:07:33 - 25(Mail) in array aff  = bef : 2
2015-10-21 13:07:33 - 25(Mail) in array cust  = bef : 2
2015-10-21 13:29:54 - 20(updateOrderStatus) order_info[order_status_id] = 22
2015-10-21 13:29:54 - 20(updateOrderStatus) order_status_id = 25
2015-10-21 13:29:54 - 20(updateOrderStatus) if admin = true = 22, 25
2015-10-21 13:30:22 - 20(updateOrderStatus) order_info[order_status_id] = 25
2015-10-21 13:30:22 - 20(updateOrderStatus) order_status_id = 22
2015-10-21 13:30:22 - 20(updateOrderStatus) if admin = true = 25, 22
2015-10-22 11:20:34 - 28(Mail) order_info[order_status_id] = 0
2015-10-22 11:20:34 - 28(Mail) order_status_id = 1
2015-10-22 11:20:34 - 28(Mail) if admin = bef : 0, 1
2015-10-22 11:20:34 - 28(Mail) if admin = true = 0, 1
2015-10-22 11:20:39 - 28(Mail) config_order_mail = bef : 1
2015-10-22 11:20:42 - 28(Mail) in array aff  = bef : 1
2015-10-22 11:20:42 - 28(Mail) in array cust  = bef : 1
2015-10-22 11:20:42 - 28(Mail) in array cust  = true = 1
2015-10-22 11:20:56 - 28(Mail) order_info[order_status_id] = 1
2015-10-22 11:20:56 - 28(Mail) order_status_id = 0
2015-10-22 11:20:56 - 28(Mail) if admin = bef : 1, 0
2015-10-22 11:20:56 - 28(Mail) order_info[order_status_id] = 0
2015-10-22 11:20:56 - 28(Mail) order_status_id = 1
2015-10-22 11:20:56 - 28(Mail) if admin = bef : 0, 1
2015-10-22 11:20:56 - 28(Mail) if admin = true = 0, 1
2015-10-22 11:20:59 - 28(Mail) config_order_mail = bef : 1
2015-10-22 11:21:02 - 28(Mail) in array aff  = bef : 1
2015-10-22 11:21:02 - 28(Mail) in array cust  = bef : 1
2015-10-22 11:21:02 - 28(Mail) in array cust  = true = 1
2015-10-22 11:21:37 - 28(Mail) order_info[order_status_id] = 1
2015-10-22 11:21:37 - 28(Mail) order_status_id = 15
2015-10-22 11:21:37 - 28(Mail) if admin = bef : 1, 15
2015-10-26 13:38:21 - 28(updateOrderStatus) order_info[order_status_id] = 15
2015-10-26 13:38:21 - 28(updateOrderStatus) order_status_id = 19
2015-10-26 13:38:21 - 28(updateOrderStatus) if admin = true = 15, 19
2015-10-26 13:38:25 - 28(updateOrderStatus) in array cust  = true = 19
2015-10-26 13:39:12 - 28(updateOrderStatus) order_info[order_status_id] = 19
2015-10-26 13:39:12 - 28(updateOrderStatus) order_status_id = 20
2015-10-26 13:39:12 - 28(updateOrderStatus) if admin = true = 19, 20
2015-10-26 13:39:15 - 28(updateOrderStatus) in array cust  = true = 20
2015-10-26 13:39:32 - 28(updateOrderStatus) order_info[order_status_id] = 20
2015-10-26 13:39:32 - 28(updateOrderStatus) order_status_id = 3
2015-10-26 13:39:32 - 28(updateOrderStatus) if admin = true = 20, 3
2015-10-26 13:39:35 - 28(updateOrderStatus) in array aff  = true = 3
2015-10-26 13:39:39 - 28(updateOrderStatus) in array cust  = true = 3
2015-10-26 13:39:42 - 28(updateOrderStatus) order_info[order_status_id] = 3
2015-10-26 13:39:42 - 28(updateOrderStatus) order_status_id = 20
2015-10-26 13:39:42 - 28(updateOrderStatus) if admin = true = 3, 20
2015-10-26 13:39:45 - 28(updateOrderStatus) in array cust  = true = 20
2015-10-26 13:41:25 - 28(updateOrderStatus) order_info[order_status_id] = 20
2015-10-26 13:41:25 - 28(updateOrderStatus) order_status_id = 3
2015-10-26 13:41:25 - 28(updateOrderStatus) if admin = true = 20, 3
2015-10-26 13:41:29 - 28(updateOrderStatus) in array aff  = true = 3
2015-10-26 13:41:32 - 28(updateOrderStatus) in array cust  = true = 3
2015-10-26 13:58:52 - 16(updateOrderStatus) order_info[order_status_id] = 19
2015-10-26 13:58:52 - 16(updateOrderStatus) order_status_id = 20
2015-10-26 13:58:52 - 16(updateOrderStatus) if admin = true = 19, 20
2015-10-26 13:58:55 - 16(updateOrderStatus) in array cust  = true = 20
2015-10-26 14:07:01 - 20(updateOrderStatus) order_info[order_status_id] = 22
2015-10-26 14:07:01 - 20(updateOrderStatus) order_status_id = 22
2015-10-26 14:07:01 - 20(updateOrderStatus) if admin = true = 22, 22
2015-10-26 14:07:28 - 20(updateOrderStatus) order_info[order_status_id] = 22
2015-10-26 14:07:28 - 20(updateOrderStatus) order_status_id = 25
2015-10-26 14:07:28 - 20(updateOrderStatus) if admin = true = 22, 25
2015-10-26 14:11:43 - 29(Mail) order_info[order_status_id] = 0
2015-10-26 14:11:43 - 29(Mail) order_status_id = 1
2015-10-26 14:11:43 - 29(Mail) if admin = bef : 0, 1
2015-10-26 14:11:43 - 29(Mail) if admin = true = 0, 1
2015-10-26 14:11:47 - 29(Mail) config_order_mail = bef : 1
2015-10-26 14:11:51 - 29(Mail) in array aff  = bef : 1
2015-10-26 14:11:51 - 29(Mail) in array cust  = bef : 1
2015-10-26 14:11:51 - 29(Mail) in array cust  = true = 1
2015-10-26 14:12:13 - 29(Mail) order_info[order_status_id] = 1
2015-10-26 14:12:13 - 29(Mail) order_status_id = 15
2015-10-26 14:12:13 - 29(Mail) if admin = bef : 1, 15
2015-10-26 14:12:31 - 29(updateOrderStatus) order_info[order_status_id] = 15
2015-10-26 14:12:31 - 29(updateOrderStatus) order_status_id = 19
2015-10-26 14:12:31 - 29(updateOrderStatus) if admin = true = 15, 19
2015-10-26 14:12:35 - 29(updateOrderStatus) in array cust  = true = 19
2015-10-26 14:12:41 - 29(updateOrderStatus) order_info[order_status_id] = 19
2015-10-26 14:12:41 - 29(updateOrderStatus) order_status_id = 20
2015-10-26 14:12:41 - 29(updateOrderStatus) if admin = true = 19, 20
2015-10-26 14:12:44 - 29(updateOrderStatus) in array cust  = true = 20
2015-10-26 14:12:52 - 29(updateOrderStatus) order_info[order_status_id] = 20
2015-10-26 14:12:52 - 29(updateOrderStatus) order_status_id = 22
2015-10-26 14:12:52 - 29(updateOrderStatus) if admin = true = 20, 22
2015-10-26 14:12:56 - 29(updateOrderStatus) order_info[order_status_id] = 22
2015-10-26 14:12:56 - 29(updateOrderStatus) order_status_id = 20
2015-10-26 14:12:56 - 29(updateOrderStatus) if admin = true = 22, 20
2015-10-26 14:12:59 - 29(updateOrderStatus) in array cust  = true = 20
2015-10-26 14:18:53 - 29(updateOrderStatus) order_info[order_status_id] = 20
2015-10-26 14:18:53 - 29(updateOrderStatus) order_status_id = 22
2015-10-26 14:18:53 - 29(updateOrderStatus) if admin = true = 20, 22
2015-10-26 14:30:30 - 29(updateOrderStatus) order_info[order_status_id] = 22
2015-10-26 14:30:30 - 29(updateOrderStatus) order_status_id = 25
2015-10-26 14:30:30 - 29(updateOrderStatus) if admin = true = 22, 25
2015-10-26 14:30:45 - 29(updateOrderStatus) order_info[order_status_id] = 25
2015-10-26 14:30:45 - 29(updateOrderStatus) order_status_id = 22
2015-10-26 14:30:45 - 29(updateOrderStatus) if admin = true = 25, 22
2015-10-26 14:33:09 - 29(updateOrderStatus) order_info[order_status_id] = 22
2015-10-26 14:33:09 - 29(updateOrderStatus) order_status_id = 3
2015-10-26 14:33:09 - 29(updateOrderStatus) if admin = true = 22, 3
2015-10-26 14:33:12 - 29(updateOrderStatus) in array aff  = true = 3
2015-10-26 14:33:15 - 29(updateOrderStatus) in array cust  = true = 3
2015-10-26 14:45:06 - 20(updateOrderStatus) order_info[order_status_id] = 25
2015-10-26 14:45:06 - 20(updateOrderStatus) order_status_id = 25
2015-10-26 14:45:06 - 20(updateOrderStatus) if admin = true = 25, 25
2015-10-26 14:45:19 - 20(updateOrderStatus) order_info[order_status_id] = 25
2015-10-26 14:45:19 - 20(updateOrderStatus) order_status_id = 22
2015-10-26 14:45:19 - 20(updateOrderStatus) if admin = true = 25, 22
2015-10-26 14:46:57 - 20(updateOrderStatus) order_info[order_status_id] = 22
2015-10-26 14:46:57 - 20(updateOrderStatus) order_status_id = 22
2015-10-26 14:46:57 - 20(updateOrderStatus) if admin = true = 22, 22
2015-10-26 14:48:44 - 20(updateOrderStatus) order_info[order_status_id] = 22
2015-10-26 14:48:44 - 20(updateOrderStatus) order_status_id = 22
2015-10-26 14:48:44 - 20(updateOrderStatus) if admin = true = 22, 22
2015-10-26 15:09:17 - 20(updateOrderStatus) order_info[order_status_id] = 22
2015-10-26 15:09:17 - 20(updateOrderStatus) order_status_id = 22
2015-10-26 15:09:17 - 20(updateOrderStatus) if admin = true = 22, 22
2015-10-26 15:09:27 - 20(updateOrderStatus) order_info[order_status_id] = 22
2015-10-26 15:09:27 - 20(updateOrderStatus) order_status_id = 25
2015-10-26 15:09:27 - 20(updateOrderStatus) if admin = true = 22, 25
2015-10-26 15:29:28 - 20(updateOrderStatus) order_info[order_status_id] = 25
2015-10-26 15:29:28 - 20(updateOrderStatus) order_status_id = 25
2015-10-26 15:29:28 - 20(updateOrderStatus) if admin = true = 25, 25
2015-10-26 16:29:01 - 25(Mail) order_info[order_status_id] = 2
2015-10-26 16:29:01 - 25(Mail) order_status_id = 0
2015-10-26 16:29:01 - 25(Mail) if admin = bef : 2, 0
2015-10-26 16:29:01 - 25(Mail) order_info[order_status_id] = 0
2015-10-26 16:29:01 - 25(Mail) order_status_id = 2
2015-10-26 16:29:05 - 25(Mail) if admin = bef : 0, 2
2015-10-26 16:29:05 - 25(Mail) if admin = true = 0, 2
2015-10-26 16:29:08 - 25(Mail) config_order_mail = bef : 1
2015-10-26 16:29:11 - 25(Mail) in array aff  = bef : 2
2015-10-26 16:29:11 - 25(Mail) in array cust  = bef : 2
2015-10-26 16:31:44 - 25(Mail) order_info[order_status_id] = 2
2015-10-26 16:31:44 - 25(Mail) order_status_id = 0
2015-10-26 16:31:44 - 25(Mail) if admin = bef : 2, 0
2015-10-26 16:31:44 - 25(Mail) order_info[order_status_id] = 0
2015-10-26 16:31:44 - 25(Mail) order_status_id = 2
2015-10-26 16:31:48 - 25(Mail) if admin = bef : 0, 2
2015-10-26 16:31:48 - 25(Mail) if admin = true = 0, 2
2015-10-26 16:31:51 - 25(Mail) config_order_mail = bef : 1
2015-10-26 16:31:54 - 25(Mail) in array aff  = bef : 2
2015-10-26 16:31:54 - 25(Mail) in array cust  = bef : 2
2015-10-26 16:32:08 - 25(Mail) order_info[order_status_id] = 2
2015-10-26 16:32:08 - 25(Mail) order_status_id = 0
2015-10-26 16:32:08 - 25(Mail) if admin = bef : 2, 0
2015-10-26 16:32:08 - 25(Mail) order_info[order_status_id] = 0
2015-10-26 16:32:08 - 25(Mail) order_status_id = 2
2015-10-26 16:32:11 - 25(Mail) if admin = bef : 0, 2
2015-10-26 16:32:11 - 25(Mail) if admin = true = 0, 2
2015-10-26 16:32:15 - 25(Mail) config_order_mail = bef : 1
2015-10-26 16:32:18 - 25(Mail) in array aff  = bef : 2
2015-10-26 16:32:18 - 25(Mail) in array cust  = bef : 2
2015-10-28 10:45:05 - 30(Mail) order_info[order_status_id] = 0
2015-10-28 10:45:05 - 30(Mail) order_status_id = 2
2015-10-28 10:45:05 - 30(Mail) if admin = bef : 0, 2
2015-10-28 10:45:05 - 30(Mail) if admin = true = 0, 2
2015-10-28 10:45:09 - 30(Mail) config_order_mail = bef : 1
2015-10-28 10:45:13 - 30(Mail) in array aff  = bef : 2
2015-10-28 10:45:13 - 30(Mail) in array cust  = bef : 2
2015-10-28 11:04:49 - 34(Mail) order_info[order_status_id] = 0
2015-10-28 11:04:49 - 34(Mail) order_status_id = 2
2015-10-28 11:04:53 - 34(Mail) if admin = bef : 0, 2
2015-10-28 11:04:53 - 34(Mail) if admin = true = 0, 2
2015-10-28 11:04:56 - 34(Mail) config_order_mail = bef : 1
2015-10-28 11:05:00 - 34(Mail) in array aff  = bef : 2
2015-10-28 11:05:00 - 34(Mail) in array cust  = bef : 2
2015-10-30 16:24:28 - 16(updateOrderStatus) order_info[order_status_id] = 20
2015-10-30 16:24:28 - 16(updateOrderStatus) order_status_id = undefined
2015-10-30 16:24:28 - 16(updateOrderStatus) if admin = true = 20, undefined
2015-10-30 16:25:03 - 20(updateOrderStatus) order_info[order_status_id] = 25
2015-10-30 16:25:03 - 20(updateOrderStatus) order_status_id = undefined
2015-10-30 16:25:03 - 20(updateOrderStatus) if admin = true = 25, undefined
2015-10-30 16:29:48 - 20(updateOrderStatus) order_info[order_status_id] = 22
2015-10-30 16:29:48 - 20(updateOrderStatus) order_status_id = 23
2015-10-30 16:29:48 - 20(updateOrderStatus) if admin = true = 22, 23
2015-10-30 16:30:14 - 16(updateOrderStatus) order_info[order_status_id] = 22
2015-10-30 16:30:14 - 16(updateOrderStatus) order_status_id = 23
2015-10-30 16:30:14 - 16(updateOrderStatus) if admin = true = 22, 23
2015-10-30 16:38:03 - 20(updateOrderStatus) order_info[order_status_id] = 23
2015-10-30 16:38:03 - 20(updateOrderStatus) order_status_id = 22
2015-10-30 16:38:03 - 20(updateOrderStatus) if admin = true = 23, 22
2015-11-02 16:45:49 - 20(updateOrderStatus) order_info[order_status_id] = 22
2015-11-02 16:45:49 - 20(updateOrderStatus) order_status_id = 3
2015-11-02 16:45:49 - 20(updateOrderStatus) if admin = true = 22, 3
2015-11-02 16:45:54 - 20(updateOrderStatus) in array aff  = true = 3
2015-11-02 16:45:57 - 20(updateOrderStatus) in array cust  = true = 3
2015-11-02 16:53:26 - 16(updateOrderStatus) order_info[order_status_id] = 23
2015-11-02 16:53:26 - 16(updateOrderStatus) order_status_id = 22
2015-11-02 16:53:26 - 16(updateOrderStatus) if admin = true = 23, 22
2015-11-03 10:11:01 - 16(updateOrderStatus) order_info[order_status_id] = 22
2015-11-03 10:11:01 - 16(updateOrderStatus) order_status_id = 26
2015-11-03 10:11:01 - 16(updateOrderStatus) if admin = true = 22, 26
2015-11-03 10:22:47 - 16(updateOrderStatus) order_info[order_status_id] = 26
2015-11-03 10:22:47 - 16(updateOrderStatus) order_status_id = 25
2015-11-03 10:22:47 - 16(updateOrderStatus) if admin = true = 26, 25
2015-11-03 10:25:12 - 35(Mail) order_info[order_status_id] = 0
2015-11-03 10:25:12 - 35(Mail) order_status_id = 1
2015-11-03 10:25:12 - 35(Mail) if admin = bef : 0, 1
2015-11-03 10:25:12 - 35(Mail) if admin = true = 0, 1
2015-11-03 10:25:15 - 35(Mail) config_order_mail = bef : 1
2015-11-03 10:25:18 - 35(Mail) in array aff  = bef : 1
2015-11-03 10:25:18 - 35(Mail) in array cust  = bef : 1
2015-11-03 10:25:18 - 35(Mail) in array cust  = true = 1
2015-11-03 10:26:15 - 35(Mail) order_info[order_status_id] = 1
2015-11-03 10:26:15 - 35(Mail) order_status_id = 15
2015-11-03 10:26:15 - 35(Mail) if admin = bef : 1, 15
2015-11-03 10:26:42 - 35(updateOrderStatus) order_info[order_status_id] = 15
2015-11-03 10:26:42 - 35(updateOrderStatus) order_status_id = 19
2015-11-03 10:26:42 - 35(updateOrderStatus) if admin = true = 15, 19
2015-11-03 10:26:45 - 35(updateOrderStatus) in array cust  = true = 19
2015-11-03 10:28:46 - 35(updateOrderStatus) order_info[order_status_id] = 19
2015-11-03 10:28:46 - 35(updateOrderStatus) order_status_id = 20
2015-11-03 10:28:46 - 35(updateOrderStatus) if admin = true = 19, 20
2015-11-03 10:28:50 - 35(updateOrderStatus) in array cust  = true = 20
2015-11-03 10:32:40 - 36(Mail) order_info[order_status_id] = 0
2015-11-03 10:32:40 - 36(Mail) order_status_id = 1
2015-11-03 10:32:40 - 36(Mail) if admin = bef : 0, 1
2015-11-03 10:32:40 - 36(Mail) if admin = true = 0, 1
2015-11-03 10:32:44 - 36(Mail) config_order_mail = bef : 1
2015-11-03 10:32:47 - 36(Mail) in array aff  = bef : 1
2015-11-03 10:32:47 - 36(Mail) in array cust  = bef : 1
2015-11-03 10:32:47 - 36(Mail) in array cust  = true = 1
2015-11-03 10:33:43 - 37(Mail) order_info[order_status_id] = 0
2015-11-03 10:33:43 - 37(Mail) order_status_id = 1
2015-11-03 10:33:43 - 37(Mail) if admin = bef : 0, 1
2015-11-03 10:33:43 - 37(Mail) if admin = true = 0, 1
2015-11-03 10:33:46 - 37(Mail) config_order_mail = bef : 1
2015-11-03 10:33:50 - 37(Mail) in array aff  = bef : 1
2015-11-03 10:33:50 - 37(Mail) in array cust  = bef : 1
2015-11-03 10:33:50 - 37(Mail) in array cust  = true = 1
2015-11-03 10:35:30 - 37(Mail) order_info[order_status_id] = 1
2015-11-03 10:35:30 - 37(Mail) order_status_id = 15
2015-11-03 10:35:30 - 37(Mail) if admin = bef : 1, 15
2015-11-03 10:35:30 - 37(Mail) order_info[order_status_id] = 15
2015-11-03 10:35:30 - 37(Mail) order_status_id = 15
2015-11-03 10:35:30 - 37(Mail) if admin = bef : 15, 15
2015-11-03 10:35:49 - 36(Mail) order_info[order_status_id] = 1
2015-11-03 10:35:49 - 36(Mail) order_status_id = 15
2015-11-03 10:35:49 - 36(Mail) if admin = bef : 1, 15
2015-11-03 10:38:51 - 37(updateOrderStatus) order_info[order_status_id] = 15
2015-11-03 10:38:51 - 37(updateOrderStatus) order_status_id = 19
2015-11-03 10:38:51 - 37(updateOrderStatus) if admin = true = 15, 19
2015-11-03 10:38:55 - 37(updateOrderStatus) in array cust  = true = 19
2015-11-03 10:40:32 - 36(updateOrderStatus) order_info[order_status_id] = 15
2015-11-03 10:40:32 - 36(updateOrderStatus) order_status_id = 19
2015-11-03 10:40:32 - 36(updateOrderStatus) if admin = true = 15, 19
2015-11-03 10:40:35 - 36(updateOrderStatus) in array cust  = true = 19
2015-11-03 10:42:18 - 37(updateOrderStatus) order_info[order_status_id] = 19
2015-11-03 10:42:18 - 37(updateOrderStatus) order_status_id = 22
2015-11-03 10:42:18 - 37(updateOrderStatus) if admin = true = 19, 22
2015-11-03 10:44:17 - 37(updateOrderStatus) order_info[order_status_id] = 22
2015-11-03 10:44:17 - 37(updateOrderStatus) order_status_id = 25
2015-11-03 10:44:17 - 37(updateOrderStatus) if admin = true = 22, 25
2015-11-03 10:45:08 - 37(updateOrderStatus) order_info[order_status_id] = 25
2015-11-03 10:45:08 - 37(updateOrderStatus) order_status_id = 27
2015-11-03 10:45:08 - 37(updateOrderStatus) if admin = true = 25, 27
2015-11-03 10:45:11 - 37(updateOrderStatus) in array aff  = true = 27
2015-11-03 10:45:15 - 37(updateOrderStatus) order_info[order_status_id] = 27
2015-11-03 10:45:15 - 37(updateOrderStatus) order_status_id = 27
2015-11-03 10:45:15 - 37(updateOrderStatus) if admin = true = 27, 27
2015-11-03 10:45:18 - 37(updateOrderStatus) in array aff  = true = 27
2015-11-03 10:47:20 - 35(updateOrderStatus) order_info[order_status_id] = 20
2015-11-03 10:47:20 - 35(updateOrderStatus) order_status_id = 3
2015-11-03 10:47:20 - 35(updateOrderStatus) if admin = true = 20, 3
2015-11-03 10:47:24 - 35(updateOrderStatus) in array aff  = true = 3
2015-11-03 10:47:27 - 35(updateOrderStatus) in array cust  = true = 3
2015-11-03 10:55:19 - 38(Mail) order_info[order_status_id] = 0
2015-11-03 10:55:19 - 38(Mail) order_status_id = 2
2015-11-03 10:55:19 - 38(Mail) if admin = bef : 0, 2
2015-11-03 10:55:19 - 38(Mail) if admin = true = 0, 2
2015-11-03 10:55:23 - 38(Mail) config_order_mail = bef : 1
2015-11-03 10:55:26 - 38(Mail) in array aff  = bef : 2
2015-11-03 10:55:26 - 38(Mail) in array cust  = bef : 2
2015-11-03 12:07:37 - 36(updateOrderStatus) order_info[order_status_id] = 19
2015-11-03 12:07:37 - 36(updateOrderStatus) order_status_id = 20
2015-11-03 12:07:37 - 36(updateOrderStatus) if admin = true = 19, 20
2015-11-03 12:07:41 - 36(updateOrderStatus) in array cust  = true = 20
2015-11-03 16:09:41 - 39(Mail) order_info[order_status_id] = 0
2015-11-03 16:09:41 - 39(Mail) order_status_id = 1
2015-11-03 16:09:41 - 39(Mail) if admin = bef : 0, 1
2015-11-03 16:09:41 - 39(Mail) if admin = true = 0, 1
2015-11-03 16:09:45 - 39(Mail) config_order_mail = bef : 1
2015-11-03 16:09:50 - 39(Mail) in array aff  = bef : 1
2015-11-03 16:09:50 - 39(Mail) in array cust  = bef : 1
2015-11-03 16:09:50 - 39(Mail) in array cust  = true = 1
2015-11-03 16:10:08 - 40(Mail) order_info[order_status_id] = 0
2015-11-03 16:10:08 - 40(Mail) order_status_id = 1
2015-11-03 16:10:08 - 40(Mail) if admin = bef : 0, 1
2015-11-03 16:10:08 - 40(Mail) if admin = true = 0, 1
2015-11-03 16:10:11 - 40(Mail) config_order_mail = bef : 1
2015-11-03 16:10:15 - 40(Mail) in array aff  = bef : 1
2015-11-03 16:10:15 - 40(Mail) in array cust  = bef : 1
2015-11-03 16:10:15 - 40(Mail) in array cust  = true = 1
2015-11-03 16:11:13 - 41(Mail) order_info[order_status_id] = 0
2015-11-03 16:11:13 - 41(Mail) order_status_id = 1
2015-11-03 16:11:13 - 41(Mail) if admin = bef : 0, 1
2015-11-03 16:11:13 - 41(Mail) if admin = true = 0, 1
2015-11-03 16:11:16 - 41(Mail) config_order_mail = bef : 1
2015-11-03 16:11:19 - 41(Mail) in array aff  = bef : 1
2015-11-03 16:11:19 - 41(Mail) in array cust  = bef : 1
2015-11-03 16:11:19 - 41(Mail) in array cust  = true = 1
2015-11-03 16:12:07 - 36(updateOrderStatus) order_info[order_status_id] = 20
2015-11-03 16:12:07 - 36(updateOrderStatus) order_status_id = 23
2015-11-03 16:12:07 - 36(updateOrderStatus) if admin = true = 20, 23
2015-11-03 16:12:23 - 36(updateOrderStatus) order_info[order_status_id] = 23
2015-11-03 16:12:23 - 36(updateOrderStatus) order_status_id = 3
2015-11-03 16:12:23 - 36(updateOrderStatus) if admin = true = 23, 3
2015-11-03 16:12:26 - 36(updateOrderStatus) in array aff  = true = 3
2015-11-03 16:31:31 - 42(Mail) order_info[order_status_id] = 0
2015-11-03 16:31:31 - 42(Mail) order_status_id = 1
2015-11-03 16:31:31 - 42(Mail) if admin = bef : 0, 1
2015-11-03 16:31:31 - 42(Mail) if admin = true = 0, 1
2015-11-03 16:31:35 - 42(Mail) config_order_mail = bef : 1
2015-11-03 16:32:16 - 42(Mail) order_info[order_status_id] = 1
2015-11-03 16:32:16 - 42(Mail) order_status_id = 15
2015-11-03 16:32:16 - 42(Mail) if admin = bef : 1, 15
2015-11-03 16:32:22 - 42(updateOrderStatus) order_info[order_status_id] = 15
2015-11-03 16:32:22 - 42(updateOrderStatus) order_status_id = 19
2015-11-03 16:32:22 - 42(updateOrderStatus) if admin = true = 15, 19
2015-11-03 16:54:12 - 42(updateOrderStatus) order_info[order_status_id] = 19
2015-11-03 16:54:12 - 42(updateOrderStatus) order_status_id = 22
2015-11-03 16:54:12 - 42(updateOrderStatus) if admin = true = 19, 22
2015-11-05 16:34:41 - 38(Mail) order_info[order_status_id] = 2
2015-11-05 16:34:41 - 38(Mail) order_status_id = 2
2015-11-05 16:34:41 - 38(Mail) if admin = bef : 2, 2
2015-11-05 16:34:41 - 38(Mail) in array cust  = bef : 2
