2016-04-25 18:00:36 - *31-  S to 66816840882 : คำสั่งซื้อ:376 โอนบ/ช ไอ-สปอร์ต ธ.กสิกรไทย:470-2-56432-3 จำนวน990บ

2016-04-25 18:00:36 - 3376(SMS) with  S to 66816840882 : คำสั่งซื้อ:376 โอนบ/ช ไอ-สปอร์ต ธ.กสิกรไทย:470-2-56432-3 จำนวน990บ

2016-04-25 18:00:36 - *376(SMS) [S]=>66816840882=>คำสั่งซื้อ:376 โอนบ/ช ไอ-สปอร์ต ธ.กสิกรไทย:470-2-56432-3 จำนวน990บ
=//=66816840882:คำสั่งซื้อ:376 โอนบ/ช ไอ-สปอร์ต ธ.กสิกรไทย:470-2-56432-3 จำนวน990บ


OK
2016-04-27 14:17:15 - user = 0
2016-04-27 14:29:53 - user = 0
2016-04-27 14:32:49 - user = 0
2016-04-27 14:35:18 - user = 0
2016-04-27 14:35:57 - user = 0
2016-04-27 15:25:13 - user = 0
2016-04-27 15:33:17 - user = 
2016-04-27 15:37:38 - user = 
2016-04-27 15:37:43 - user = 
2016-04-27 15:39:11 - user = 
2016-04-27 15:54:08 - user = 0
2016-04-27 15:55:05 - user = 0
2016-04-27 16:08:16 - user = 0
2016-04-27 16:09:31 - user = 0
2016-04-27 16:13:13 - user = &amp;lt;b&amp;gt;Notice&amp;lt;/b&amp;gt;: Undefined variable: user_id in &amp;lt;b&amp;gt;/var/www/html/ishop/thebugmanage/view/template/sale/order_info.tpl&amp;lt;/b&amp;gt; on line &amp;lt;b&amp;gt;682&amp;lt;/b&amp;gt;
2016-04-27 16:29:34 - user = 16
2016-04-27 17:17:55 - user = 16
2016-04-27 17:18:26 - user = 0
2016-04-27 17:18:26 - user = 0
2016-04-27 17:23:33 - user = 0
2016-04-27 17:23:33 - user = 0
2016-04-27 17:32:41 - user = 0
2016-04-27 17:32:41 - user = 16
2016-04-27 17:35:37 - user = 0
2016-04-27 17:38:12 - user = 0
2016-04-27 17:38:15 - user = 0
2016-04-27 17:38:21 - user = 0
2016-04-27 17:38:25 - user = 0
2016-04-27 17:38:30 - user = 0
2016-04-27 21:12:38 - user = 0
2016-04-28 10:39:33 - user = 31
2016-04-28 10:40:28 - user = 0
2016-04-28 10:41:36 - user = 31
2016-04-28 10:42:37 - user = 0
2016-04-28 11:19:11 - user = 31
2016-04-28 11:20:04 - user = 0
2016-04-28 11:24:33 - user = 31
2016-04-28 11:26:32 - user = 0
2016-04-28 11:28:35 - user = 31
2016-04-28 11:29:20 - user = 2
2016-04-28 11:30:29 - user = 0
2016-04-28 11:30:29 - user = 2
2016-04-28 11:30:59 - user = 0
2016-04-28 13:29:13 - user = 31
2016-04-28 13:30:24 - user = 0
2016-04-28 14:52:14 - user = 32
2016-04-28 14:58:19 - user = 0
2016-04-28 15:10:59 - user = 32
2016-04-28 16:45:53 - user = 0
2016-04-28 16:45:53 - user = 32
2016-04-28 16:46:04 - user = 0
2016-04-28 16:46:04 - user = 32
2016-04-29 9:33:43 - user = 11
2016-04-29 11:20:31 - user = 0
2016-04-29 11:20:54 - user = 0
2016-04-29 11:20:57 - user = 0
2016-04-30 23:21:27 - user = 31
2016-04-30 23:56:42 - user = 31
2016-05-01 10:35:00 - user = 33
2016-05-01 10:43:03 - user = 32
2016-05-01 10:53:34 - user = 32
2016-05-01 11:59:50 - user = 17
2016-05-01 12:00:40 - user = 17
2016-05-03 13:45:31 - user = 0
2016-05-03 13:45:31 - user = 1
2016-05-03 13:48:48 - user = 0
2016-05-03 13:48:48 - user = 1
2016-05-03 14:49:32 - user = 31
2016-05-03 14:51:45 - user = 1
2016-05-03 16:07:49 - user = 0
2016-05-09 8:10:05 - user = 28
2016-05-09 8:15:13 - user = 0
2016-05-09 8:15:13 - user = 28
2016-05-09 8:18:15 - user = 0
2016-05-09 8:18:15 - user = 28
2016-05-09 10:31:46 - user = 35
2016-05-09 10:32:20 - user = 32
2016-05-09 10:43:01 - user = 0
2016-05-09 10:43:01 - user = 32
2016-05-09 10:43:24 - user = 0
2016-05-09 10:43:24 - user = 32
2016-05-09 10:57:04 - user = 0
2016-05-09 10:57:04 - user = 35
2016-05-09 11:13:40 - user = 32
2016-05-09 11:30:52 - user = 32
2016-05-09 11:31:25 - user = 32
2016-05-09 11:53:07 - user = 32
2016-05-09 14:41:06 - user = 0
2016-05-09 14:44:07 - user = 31
2016-05-09 14:44:45 - user = 0
2016-05-09 14:44:50 - user = 0
2016-05-09 14:44:56 - user = 0
2016-05-09 15:34:15 - user = 0
2016-05-09 15:34:15 - user = 1
2016-05-10 11:10:11 - user = 0
2016-05-10 11:10:24 - user = 0
2016-05-10 11:10:42 - user = 0
2016-05-10 12:37:24 - user = 0
2016-05-10 12:37:24 - user = 1
2016-05-10 13:04:10 - user = 31
2016-05-10 13:19:41 - user = 31
2016-05-10 14:00:41 - user = 0
2016-05-10 14:00:47 - user = 0
2016-05-10 15:00:13 - user = 0
2016-05-11 16:16:18 - user = 31
2016-05-13 9:14:37 - user = 0
2016-05-13 16:44:39 - user = 40
2016-05-14 16:30:00 - user = 26
2016-05-14 17:07:29 - user = 35
2016-05-16 9:27:08 - user = 0
2016-05-16 9:27:12 - user = 0
2016-05-16 9:27:16 - user = 0
2016-05-16 9:27:19 - user = 0
2016-05-16 9:28:51 - user = 0
2016-05-17 13:29:25 - user = 27
2016-05-17 15:44:13 - user = 0
2016-05-17 15:44:18 - user = 0
2016-05-17 15:45:31 - user = 31
2016-05-17 15:47:38 - user = 0
2016-05-17 16:11:41 - user = 0
2016-05-17 16:18:39 - user = 31
2016-05-17 16:35:37 - user = 0
2016-05-17 16:36:13 - user = 31
2016-05-17 16:37:05 - user = 0
2016-05-17 16:37:40 - user = 31
2016-05-17 21:30:27 - user = 34
2016-05-18 9:47:12 - user = 0
2016-05-18 11:30:45 - user = 16
2016-05-18 11:32:12 - user = 0
2016-05-18 16:29:55 - user = 31
2016-05-18 16:31:08 - user = 31
2016-05-18 16:32:30 - user = 0
2016-05-18 16:32:35 - user = 0
2016-05-19 11:26:41 - user = 31
2016-05-19 11:27:47 - user = 1
2016-05-19 11:28:28 - user = 1
2016-05-19 11:29:30 - user = 1
2016-05-19 11:29:45 - user = 1
2016-05-19 11:30:45 - user = 1
2016-05-19 15:33:29 - user = 28
2016-05-19 15:41:38 - user = 0
2016-05-19 15:41:38 - user = 24
2016-05-19 16:03:27 - user = 43
2016-05-19 18:20:14 - user = 1
2016-05-19 20:34:48 - user = 33
2016-05-19 20:36:25 - user = 1
2016-05-20 21:27:49 - user = 44
2016-05-23 16:17:57 - user = 11
2016-05-23 16:37:02 - user = 1
2016-05-24 15:16:51 - user = 31
2016-05-25 10:31:54 - user = 38
2016-05-25 10:43:56 - user = 0
2016-05-25 10:43:56 - user = 38
2016-05-25 19:54:23 - user = 17
2016-05-25 21:15:13 - user = 36
2016-05-26 15:20:32 - user = 24
2016-05-27 9:52:32 - user = 11
2016-05-27 21:38:48 - user = 45
2016-05-27 21:42:40 - user = 0
2016-05-27 21:42:40 - user = 45
2016-05-27 22:09:41 - user = 0
2016-05-27 22:09:41 - user = 22
2016-05-28 22:32:50 - user = 31
2016-05-28 22:52:24 - user = 0
2016-05-28 22:52:24 - user = 31
2016-05-29 10:33:31 - user = 36
2016-05-30 10:57:09 - user = 0
2016-05-30 10:57:16 - user = 0
2016-05-30 11:16:01 - user = 0
2016-05-30 14:26:10 - user = 1
2016-05-30 15:02:40 - user = 36
2016-05-30 15:30:29 - user = 1
2016-05-30 15:32:16 - user = 0
2016-05-30 15:32:17 - user = 1
2016-05-30 15:40:57 - user = 0
2016-05-30 15:40:57 - user = 1
2016-05-30 15:43:12 - user = 0
2016-05-30 15:43:12 - user = 1
2016-05-30 15:45:16 - user = 0
2016-05-30 15:45:16 - user = 1
2016-05-30 15:48:25 - user = 0
2016-05-30 15:48:25 - user = 1
2016-05-30 15:53:32 - user = 26
2016-05-30 16:02:26 - user = 0
2016-05-30 16:02:26 - user = 1
2016-05-30 16:04:25 - user = 0
2016-05-30 16:04:25 - user = 26
2016-05-31 9:59:17 - user = 2
2016-05-31 10:54:01 - user = 0
2016-05-31 10:54:11 - user = 0
2016-05-31 11:15:54 - user = 31
2016-05-31 11:18:03 - user = 0
2016-05-31 11:18:03 - user = 2
2016-05-31 11:21:28 - user = 0
2016-05-31 11:21:28 - user = 2
2016-05-31 11:23:36 - user = 0
2016-05-31 11:24:37 - user = 31
2016-05-31 11:25:49 - user = 0
2016-05-31 11:25:49 - user = 2
2016-05-31 11:29:18 - user = 0
2016-05-31 11:29:18 - user = 2
2016-05-31 11:57:09 - user = 0
2016-05-31 13:01:36 - user = 21
2016-05-31 13:44:44 - user = 11
2016-06-01 16:40:27 - user = 0
2016-06-01 16:40:27 - user = 1
2016-06-01 17:18:10 - user = 0
2016-06-01 17:18:13 - user = 0
2016-06-02 17:42:36 - user = 11
2016-06-03 10:21:06 - user = 31
2016-06-03 11:15:32 - user = 0
2016-06-03 13:17:43 - user = 31
2016-06-03 15:36:21 - user = 28
2016-06-04 18:14:12 - user = 19
2016-06-04 20:14:25 - user = 11
2016-06-05 10:04:56 - user = 33
2016-06-07 11:59:42 - user = 0
2016-06-07 13:13:09 - user = 18
2016-06-09 9:52:01 - user = 0
2016-06-10 0:10:16 - user = 17
2016-06-10 13:34:01 - user = 0
2016-06-11 23:24:19 - user = 41
2016-06-12 16:17:05 - user = 25
2016-06-12 21:08:55 - user = 21
2016-06-13 9:52:12 - user = 0
2016-06-14 11:15:38 - user = 
2016-06-14 11:19:32 - user = 51
2016-06-14 11:22:36 - user = 51
2016-06-14 12:06:35 - user = 
2016-06-14 16:32:02 - user = 0
2016-06-15 17:23:40 - user = 0
2016-06-15 20:45:13 - user = 40
2016-06-15 20:56:15 - user = 40
2016-06-16 9:28:09 - user = 11
2016-06-16 9:42:25 - user = 0
2016-06-17 15:12:05 - user = 28
2016-06-17 15:18:36 - user = 30
2016-06-19 14:31:13 - user = 32
2016-06-19 14:49:04 - user = 0
2016-06-19 14:49:04 - user = 32
2016-06-19 14:50:21 - user = 0
2016-06-19 14:50:21 - user = 32
2016-06-19 14:54:14 - user = 0
2016-06-19 14:54:14 - user = 32
2016-06-19 16:22:40 - user = 34
2016-06-20 9:28:21 - user = 0
2016-06-20 9:28:26 - user = 0
2016-06-20 9:28:30 - user = 0
2016-06-20 9:28:33 - user = 0
2016-06-20 9:28:36 - user = 0
2016-06-20 9:28:40 - user = 0
2016-06-20 9:30:22 - user = 0
2016-06-21 8:04:53 - user = 25
2016-06-22 16:57:18 - user = 39
2016-06-23 9:22:46 - user = 0
2016-06-23 9:26:20 - user = 0
2016-06-24 10:29:44 - user = 19
2016-06-27 17:21:31 - user = 0
2016-06-27 17:21:35 - user = 0
2016-07-01 11:20:49 - user = 28
2016-07-02 15:09:12 - user = 24
2016-07-02 15:14:06 - user = 0
2016-07-02 15:14:06 - user = 24
2016-07-02 17:27:43 - user = 31
2016-07-02 17:44:15 - user = 0
2016-07-02 17:44:15 - user = 25
2016-07-03 11:16:09 - user = 46
2016-07-03 11:24:14 - user = 46
2016-07-03 13:03:20 - user = 0
2016-07-03 13:03:20 - user = 1
2016-07-03 16:54:13 - user = 17
2016-07-05 9:10:09 - user = 27
2016-07-05 19:14:32 - user = 29
2016-07-05 21:38:49 - user = 32
2016-07-06 9:21:20 - user = 0
2016-07-06 9:21:20 - user = 29
2016-07-06 10:33:39 - user = 
2016-07-06 11:15:39 - user = 0
2016-07-06 15:27:15 - user = 31
2016-07-06 15:46:41 - user = 0
2016-07-06 20:30:31 - user = 28
2016-07-07 9:42:03 - user = 25
2016-07-08 18:22:45 - user = 54
2016-07-08 18:37:07 - user = 0
2016-07-08 18:37:07 - user = 54
2016-07-09 9:36:56 - user = 30
2016-07-10 15:08:36 - user = 19
2016-07-11 9:07:53 - user = 0
2016-07-11 12:30:33 - user = 
2016-07-11 14:15:37 - user = 0
2016-07-12 9:34:22 - user = 0
2016-07-12 9:39:36 - user = 0
2016-07-12 9:39:36 - user = 1
2016-07-12 9:43:07 - user = 0
2016-07-12 9:43:07 - user = 1
2016-07-12 10:06:07 - user = 0
2016-07-12 10:06:07 - user = 1
2016-07-12 10:30:39 - user = 29
2016-07-12 10:31:51 - user = 0
2016-07-12 10:31:51 - user = 1
2016-07-12 10:35:23 - user = 0
2016-07-12 10:35:23 - user = 1
2016-07-12 10:37:26 - user = 0
2016-07-12 10:42:25 - user = 0
2016-07-12 10:44:10 - user = 0
2016-07-12 10:44:44 - user = 0
2016-07-12 10:49:28 - user = 0
2016-07-12 10:49:28 - user = 1
2016-07-12 10:50:45 - user = 0
2016-07-13 10:37:19 - user = 
2016-07-13 10:39:51 - user = 19
2016-07-13 10:44:44 - user = 19
2016-07-13 10:51:48 - user = 11
2016-07-13 11:41:30 - user = 0
2016-07-13 12:38:38 - user = 29
2016-07-13 13:25:38 - user = 31
2016-07-13 13:26:32 - user = 0
2016-07-13 13:29:26 - user = 0
2016-07-13 13:29:26 - user = 32
2016-07-13 13:29:40 - user = 0
2016-07-13 13:29:40 - user = 32
2016-07-13 13:30:46 - user = 0
2016-07-13 13:30:53 - user = 0
2016-07-14 9:56:52 - user = 27
2016-07-14 10:06:18 - user = 27
2016-07-14 13:19:37 - user = 31
2016-07-14 14:05:00 - user = 0
2016-07-14 14:05:28 - user = 0
2016-07-14 14:10:52 - user = 11
2016-07-16 2:11:37 - user = 29
2016-07-18 10:55:56 - user = 0
2016-07-19 20:31:28 - user = 25
2016-07-19 23:37:24 - user = 25
2016-07-20 10:08:28 - user = 11
2016-07-21 16:25:59 - user = 11
2016-07-23 14:19:37 - user = 
2016-07-29 18:09:45 - user = 55
2016-07-29 18:24:39 - user = 0
2016-07-29 18:24:39 - user = 55
2016-07-30 7:37:53 - user = 21
2016-07-30 18:30:02 - user = 0
2016-07-30 18:30:02 - user = 55
2016-07-30 19:40:03 - user = 
2016-07-31 20:14:17 - user = 27
2016-08-01 23:32:57 - user = 30
2016-08-02 15:09:40 - user = 31
2016-08-03 23:36:25 - user = 58
2016-08-03 23:43:49 - user = 58
2016-08-04 11:59:28 - user = 59
2016-08-04 12:53:15 - user = 27
2016-08-04 12:59:51 - user = 0
2016-08-04 12:59:51 - user = 27
2016-08-04 13:17:57 - user = 11
2016-08-04 18:58:59 - user = 31
2016-08-07 14:34:07 - user = 22
2016-08-07 14:51:04 - user = 0
2016-08-07 14:51:04 - user = 22
2016-08-08 11:10:04 - user = 11
2016-08-09 11:18:24 - user = 
